<?xml version="1.0" encoding="UTF-8"?>
<testExecutions version="1">
  <file path="/home/sylk/IdeaProjects/xpfarm/20230830_connect_four_solo/__tests__/connectfour.test.js">
    <testCase name="Connect four testing, there... should be a ConnectFour class..." duration="1"/>
    <testCase name="Connect four testing, there... should be a ConnectFour class with players..." duration="1"/>
    <testCase name="Connect four testing, there... should be two players..." duration="0"/>
    <testCase name="Connect four testing, there... should be red player..." duration="0"/>
    <testCase name="Connect four testing, there... should be yellow player..." duration="1"/>
    <testCase name="Connect four testing, there... should be a rack..." duration="0"/>
    <testCase name="Connect four testing, there... should be a rack with columns..." duration="0"/>
  </file>
</testExecutions>